<!DOCTYPE html>

<html>
  <head>
  <meta charset='utf-8'>
  <title>TestNG reports</title>

    <link type="text/css" href="testng-reports.css" rel="stylesheet" />
    <script type="text/javascript" src="jquery-3.4.1.min.js"></script>
    <script type="text/javascript" src="testng-reports.js"></script>
    <script type="text/javascript" src="https://www.google.com/jsapi"></script>
    <script type='text/javascript'>
      google.load('visualization', '1', {packages:['table']});
      google.setOnLoadCallback(drawTable);
      var suiteTableInitFunctions = new Array();
      var suiteTableData = new Array();
    </script>
    <!--
      <script type="text/javascript" src="jquery-ui/js/jquery-ui-1.8.16.custom.min.js"></script>
     -->
  </head>

  <body>
    <div class="top-banner-root">
      <span class="top-banner-title-font">Test results</span>
      <br/>
      <span class="top-banner-font-1">1 suite, 4 failed tests</span>
    </div> <!-- top-banner-root -->
    <div class="navigator-root">
      <div class="navigator-suite-header">
        <span>All suites</span>
        <a href="#" class="collapse-all-link" title="Collapse/expand all the suites">
          <img class="collapse-all-icon" src="collapseall.gif">
          </img> <!-- collapse-all-icon -->
        </a> <!-- collapse-all-link -->
      </div> <!-- navigator-suite-header -->
      <div class="suite">
        <div class="rounded-window">
          <div class="suite-header light-rounded-window-top">
            <a href="#" class="navigator-link" panel-name="suite-Suite">
              <span class="suite-name border-failed">Suite</span>
            </a> <!-- navigator-link -->
          </div> <!-- suite-header light-rounded-window-top -->
          <div class="navigator-suite-content">
            <div class="suite-section-title">
              <span>Info</span>
            </div> <!-- suite-section-title -->
            <div class="suite-section-content">
              <ul>
                <li>
                  <a href="#" class="navigator-link " panel-name="test-xml-Suite">
                    <span>C:\Users\Jagadeesh\eclipse-workspace\end-to-end-web\end-to-end.xml</span>
                  </a> <!-- navigator-link  -->
                </li>
                <li>
                  <a href="#" class="navigator-link " panel-name="testlist-Suite">
                    <span class="test-stats">1 test</span>
                  </a> <!-- navigator-link  -->
                </li>
                <li>
                  <a href="#" class="navigator-link " panel-name="group-Suite">
                    <span>2 groups</span>
                  </a> <!-- navigator-link  -->
                </li>
                <li>
                  <a href="#" class="navigator-link " panel-name="times-Suite">
                    <span>Times</span>
                  </a> <!-- navigator-link  -->
                </li>
                <li>
                  <a href="#" class="navigator-link " panel-name="reporter-Suite">
                    <span>Reporter output</span>
                  </a> <!-- navigator-link  -->
                </li>
                <li>
                  <a href="#" class="navigator-link " panel-name="ignored-methods-Suite">
                    <span>Ignored methods</span>
                  </a> <!-- navigator-link  -->
                </li>
                <li>
                  <a href="#" class="navigator-link " panel-name="chronological-Suite">
                    <span>Chronological view</span>
                  </a> <!-- navigator-link  -->
                </li>
              </ul>
            </div> <!-- suite-section-content -->
            <div class="result-section">
              <div class="suite-section-title">
                <span>Results</span>
              </div> <!-- suite-section-title -->
              <div class="suite-section-content">
                <ul>
                  <li>
                    <span class="method-stats">10 methods, 4 failed,   6 passed</span>
                  </li>
                  <li>
                    <span class="method-list-title failed">Failed methods</span>
                    <span class="show-or-hide-methods failed">
                      <a href="#" panel-name="suite-Suite" class="hide-methods failed suite-Suite"> (hide)</a> <!-- hide-methods failed suite-Suite -->
                      <a href="#" panel-name="suite-Suite" class="show-methods failed suite-Suite"> (show)</a> <!-- show-methods failed suite-Suite -->
                    </span>
                    <div class="method-list-content failed suite-Suite">
                      <span>
                        <img width="3%" src="failed.png"/>
                        <a href="#" class="method navigator-link" panel-name="suite-Suite" title="org.j2.faxqa.efax.corporate.myaccount.tests.MyAccountTests" hash-for-method="ableToReceiveAndViewFaxWhenStorageEnabledONFromMGMT(org.testng.TestRunner@53976f5c)">ableToReceiveAndViewFaxWhenStorageEnabledONFromMGMT(org.testng.TestRunner@53976f5c)</a> <!-- method navigator-link -->
                      </span>
                      <br/>
                      <span>
                        <img width="3%" src="failed.png"/>
                        <a href="#" class="method navigator-link" panel-name="suite-Suite" title="org.j2.faxqa.efax.corporate.admin.tests.AdminTests" hash-for-method="testAssignFunctionality">testAssignFunctionality</a> <!-- method navigator-link -->
                      </span>
                      <br/>
                      <span>
                        <img width="3%" src="failed.png"/>
                        <a href="#" class="method navigator-link" panel-name="suite-Suite" title="org.j2.faxqa.efax.efax_us.funnel.tests.SignUpTests" hash-for-method="testcase1(org.testng.TestRunner@53976f5c)">testcase1(org.testng.TestRunner@53976f5c)</a> <!-- method navigator-link -->
                      </span>
                      <br/>
                      <span>
                        <img width="3%" src="failed.png"/>
                        <a href="#" class="method navigator-link" panel-name="suite-Suite" title="org.j2.faxqa.efax.efax_us.myaccount.tests.SendfaxTests" hash-for-method="testcase1(org.testng.TestRunner@53976f5c)">testcase1(org.testng.TestRunner@53976f5c)</a> <!-- method navigator-link -->
                      </span>
                      <br/>
                    </div> <!-- method-list-content failed suite-Suite -->
                  </li>
                  <li>
                    <span class="method-list-title passed">Passed methods</span>
                    <span class="show-or-hide-methods passed">
                      <a href="#" panel-name="suite-Suite" class="hide-methods passed suite-Suite"> (hide)</a> <!-- hide-methods passed suite-Suite -->
                      <a href="#" panel-name="suite-Suite" class="show-methods passed suite-Suite"> (show)</a> <!-- show-methods passed suite-Suite -->
                    </span>
                    <div class="method-list-content passed suite-Suite">
                      <span>
                        <img width="3%" src="passed.png"/>
                        <a href="#" class="method navigator-link" panel-name="suite-Suite" title="org.j2.faxqa.efax.corporate.admin.tests.AdminTests" hash-for-method="addFaxNumberUsingSearchByState">addFaxNumberUsingSearchByState</a> <!-- method navigator-link -->
                      </span>
                      <br/>
                      <span>
                        <img width="3%" src="passed.png"/>
                        <a href="#" class="method navigator-link" panel-name="suite-Suite" title="org.j2.faxqa.efax.corporate.admin.tests.AdminTests" hash-for-method="adminUserShouldBeCreatedSuccessfully">adminUserShouldBeCreatedSuccessfully</a> <!-- method navigator-link -->
                      </span>
                      <br/>
                      <span>
                        <img width="3%" src="passed.png"/>
                        <a href="#" class="method navigator-link" panel-name="suite-Suite" title="org.j2.faxqa.efax.corporate.admin.tests.AdminTests" hash-for-method="newUserShouldBeCreatedAndSettingShouldBeInheritedFromTheGroup">newUserShouldBeCreatedAndSettingShouldBeInheritedFromTheGroup</a> <!-- method navigator-link -->
                      </span>
                      <br/>
                      <span>
                        <img width="3%" src="passed.png"/>
                        <a href="#" class="method navigator-link" panel-name="suite-Suite" title="org.j2.faxqa.efax.corporate.myaccount.tests.MyAccountTests" hash-for-method="shouldBeAbleToCreateNewMyAccountUser(org.testng.TestRunner@53976f5c)">shouldBeAbleToCreateNewMyAccountUser(org.testng.TestRunner@53976f5c)</a> <!-- method navigator-link -->
                      </span>
                      <br/>
                      <span>
                        <img width="3%" src="passed.png"/>
                        <a href="#" class="method navigator-link" panel-name="suite-Suite" title="org.j2.faxqa.efax.corporate.admin.tests.AdminTests" hash-for-method="testAddGroupUsingGroupAdmin">testAddGroupUsingGroupAdmin</a> <!-- method navigator-link -->
                      </span>
                      <br/>
                      <span>
                        <img width="3%" src="passed.png"/>
                        <a href="#" class="method navigator-link" panel-name="suite-Suite" title="org.j2.faxqa.efax.corporate.myaccount.tests.MyAccountTests" hash-for-method="verifySendOutboundReceiveInboundFaxFunctionality(org.testng.TestRunner@53976f5c)">verifySendOutboundReceiveInboundFaxFunctionality(org.testng.TestRunner@53976f5c)</a> <!-- method navigator-link -->
                      </span>
                      <br/>
                    </div> <!-- method-list-content passed suite-Suite -->
                  </li>
                </ul>
              </div> <!-- suite-section-content -->
            </div> <!-- result-section -->
          </div> <!-- navigator-suite-content -->
        </div> <!-- rounded-window -->
      </div> <!-- suite -->
    </div> <!-- navigator-root -->
    <div class="wrapper">
      <div class="main-panel-root">
        <div panel-name="suite-Suite" class="panel Suite">
          <div class="suite-Suite-class-failed">
            <div class="main-panel-header rounded-window-top">
              <img src="failed.png"/>
              <span class="class-name">org.j2.faxqa.efax.corporate.admin.tests.AdminTests</span>
            </div> <!-- main-panel-header rounded-window-top -->
            <div class="main-panel-content rounded-window-bottom">
              <div class="method">
                <div class="method-content">
                  <a name="testAssignFunctionality">
                  </a> <!-- testAssignFunctionality -->
                  <span class="method-name">testAssignFunctionality</span>
                  <div class="stack-trace">java.lang.AssertionError: null
	at org.j2.faxqa.efax.corporate.admin.tests.AdminTests.testAssignFunctionality(AdminTests.java:278)
	at java.util.ArrayList.forEach(ArrayList.java:1257)
... Removed 29 stack frames
</div> <!-- stack-trace -->
                  <em>
(Admin > Test assigning fax numbers functionality to myaccount users)                  </em>
                </div> <!-- method-content -->
              </div> <!-- method -->
            </div> <!-- main-panel-content rounded-window-bottom -->
          </div> <!-- suite-Suite-class-failed -->
          <div class="suite-Suite-class-failed">
            <div class="main-panel-header rounded-window-top">
              <img src="failed.png"/>
              <span class="class-name">org.j2.faxqa.efax.efax_us.funnel.tests.SignUpTests</span>
            </div> <!-- main-panel-header rounded-window-top -->
            <div class="main-panel-content rounded-window-bottom">
              <div class="method">
                <div class="method-content">
                  <a name="testcase1(org.testng.TestRunner@53976f5c)">
                  </a> <!-- testcase1(org.testng.TestRunner@53976f5c) -->
                  <span class="method-name">testcase1</span>
                  <span class="parameters">(org.testng.TestRunner@53976f5c)</span>
                  <div class="stack-trace">java.lang.AssertionError: null
	at org.j2.faxqa.efax.efax_us.funnel.tests.SignUpTests.testcase1(SignUpTests.java:100)
	at java.util.ArrayList.forEach(ArrayList.java:1257)
... Removed 29 stack frames
</div> <!-- stack-trace -->
                  <em>
(US > SignUp for a new user account)                  </em>
                </div> <!-- method-content -->
              </div> <!-- method -->
            </div> <!-- main-panel-content rounded-window-bottom -->
          </div> <!-- suite-Suite-class-failed -->
          <div class="suite-Suite-class-failed">
            <div class="main-panel-header rounded-window-top">
              <img src="failed.png"/>
              <span class="class-name">org.j2.faxqa.efax.efax_us.myaccount.tests.SendfaxTests</span>
            </div> <!-- main-panel-header rounded-window-top -->
            <div class="main-panel-content rounded-window-bottom">
              <div class="method">
                <div class="method-content">
                  <a name="testcase1(org.testng.TestRunner@53976f5c)">
                  </a> <!-- testcase1(org.testng.TestRunner@53976f5c) -->
                  <span class="method-name">testcase1</span>
                  <span class="parameters">(org.testng.TestRunner@53976f5c)</span>
                  <div class="stack-trace">java.lang.AssertionError: null
	at org.j2.faxqa.efax.efax_us.myaccount.tests.SendfaxTests.testcase1(SendfaxTests.java:83)
	at java.util.ArrayList.forEach(ArrayList.java:1257)
... Removed 29 stack frames
</div> <!-- stack-trace -->
                  <em>
(US > Send a fax to self and verify the received fax)                  </em>
                </div> <!-- method-content -->
              </div> <!-- method -->
            </div> <!-- main-panel-content rounded-window-bottom -->
          </div> <!-- suite-Suite-class-failed -->
          <div class="suite-Suite-class-failed">
            <div class="main-panel-header rounded-window-top">
              <img src="failed.png"/>
              <span class="class-name">org.j2.faxqa.efax.corporate.myaccount.tests.MyAccountTests</span>
            </div> <!-- main-panel-header rounded-window-top -->
            <div class="main-panel-content rounded-window-bottom">
              <div class="method">
                <div class="method-content">
                  <a name="ableToReceiveAndViewFaxWhenStorageEnabledONFromMGMT(org.testng.TestRunner@53976f5c)">
                  </a> <!-- ableToReceiveAndViewFaxWhenStorageEnabledONFromMGMT(org.testng.TestRunner@53976f5c) -->
                  <span class="method-name">ableToReceiveAndViewFaxWhenStorageEnabledONFromMGMT</span>
                  <span class="parameters">(org.testng.TestRunner@53976f5c)</span>
                  <div class="stack-trace">java.lang.AssertionError: null
	at org.j2.faxqa.efax.corporate.myaccount.tests.MyAccountTests.ableToReceiveAndViewFaxWhenStorageEnabledONFromMGMT(MyAccountTests.java:82)
	at java.util.ArrayList.forEach(ArrayList.java:1257)
... Removed 29 stack frames
</div> <!-- stack-trace -->
                  <em>
(Verify that user should be able to send faxes, receive and view them in 'View faxes' page)                  </em>
                </div> <!-- method-content -->
              </div> <!-- method -->
            </div> <!-- main-panel-content rounded-window-bottom -->
          </div> <!-- suite-Suite-class-failed -->
          <div class="suite-Suite-class-passed">
            <div class="main-panel-header rounded-window-top">
              <img src="passed.png"/>
              <span class="class-name">org.j2.faxqa.efax.corporate.admin.tests.AdminTests</span>
            </div> <!-- main-panel-header rounded-window-top -->
            <div class="main-panel-content rounded-window-bottom">
              <div class="method">
                <div class="method-content">
                  <a name="addFaxNumberUsingSearchByState">
                  </a> <!-- addFaxNumberUsingSearchByState -->
                  <span class="method-name">addFaxNumberUsingSearchByState</span>
                  <em>
(Verify that new Fax Numbers should be added successfully to account using 'Search By - State' option)                  </em>
                </div> <!-- method-content -->
              </div> <!-- method -->
              <div class="method">
                <div class="method-content">
                  <a name="adminUserShouldBeCreatedSuccessfully">
                  </a> <!-- adminUserShouldBeCreatedSuccessfully -->
                  <span class="method-name">adminUserShouldBeCreatedSuccessfully</span>
                  <em>
(Verify that new admin user should be created successfully)                  </em>
                </div> <!-- method-content -->
              </div> <!-- method -->
              <div class="method">
                <div class="method-content">
                  <a name="newUserShouldBeCreatedAndSettingShouldBeInheritedFromTheGroup">
                  </a> <!-- newUserShouldBeCreatedAndSettingShouldBeInheritedFromTheGroup -->
                  <span class="method-name">newUserShouldBeCreatedAndSettingShouldBeInheritedFromTheGroup</span>
                  <em>
(Verify that new user should be created from the Group Details page and setting of that user should be inherited from the Group)                  </em>
                </div> <!-- method-content -->
              </div> <!-- method -->
              <div class="method">
                <div class="method-content">
                  <a name="testAddGroupUsingGroupAdmin">
                  </a> <!-- testAddGroupUsingGroupAdmin -->
                  <span class="method-name">testAddGroupUsingGroupAdmin</span>
                  <em>
(Verify that new group should be created/added successfully)                  </em>
                </div> <!-- method-content -->
              </div> <!-- method -->
            </div> <!-- main-panel-content rounded-window-bottom -->
          </div> <!-- suite-Suite-class-passed -->
          <div class="suite-Suite-class-passed">
            <div class="main-panel-header rounded-window-top">
              <img src="passed.png"/>
              <span class="class-name">org.j2.faxqa.efax.corporate.myaccount.tests.MyAccountTests</span>
            </div> <!-- main-panel-header rounded-window-top -->
            <div class="main-panel-content rounded-window-bottom">
              <div class="method">
                <div class="method-content">
                  <a name="shouldBeAbleToCreateNewMyAccountUser(org.testng.TestRunner@53976f5c)">
                  </a> <!-- shouldBeAbleToCreateNewMyAccountUser(org.testng.TestRunner@53976f5c) -->
                  <span class="method-name">shouldBeAbleToCreateNewMyAccountUser</span>
                  <span class="parameters">(org.testng.TestRunner@53976f5c)</span>
                  <em>
(Verify that admin user should be able to create new MyAccount user)                  </em>
                </div> <!-- method-content -->
              </div> <!-- method -->
              <div class="method">
                <div class="method-content">
                  <a name="verifySendOutboundReceiveInboundFaxFunctionality(org.testng.TestRunner@53976f5c)">
                  </a> <!-- verifySendOutboundReceiveInboundFaxFunctionality(org.testng.TestRunner@53976f5c) -->
                  <span class="method-name">verifySendOutboundReceiveInboundFaxFunctionality</span>
                  <span class="parameters">(org.testng.TestRunner@53976f5c)</span>
                  <em>
(Verify that Send outbound fax and Receive inbound fax functionality is working as expected)                  </em>
                </div> <!-- method-content -->
              </div> <!-- method -->
            </div> <!-- main-panel-content rounded-window-bottom -->
          </div> <!-- suite-Suite-class-passed -->
        </div> <!-- panel Suite -->
        <div panel-name="test-xml-Suite" class="panel">
          <div class="main-panel-header rounded-window-top">
            <span class="header-content">C:\Users\Jagadeesh\eclipse-workspace\end-to-end-web\end-to-end.xml</span>
          </div> <!-- main-panel-header rounded-window-top -->
          <div class="main-panel-content rounded-window-bottom">
            <pre>
&lt;?xml version=&quot;1.0&quot; encoding=&quot;UTF-8&quot;?&gt;
&lt;!DOCTYPE suite SYSTEM &quot;https://testng.org/testng-1.0.dtd&quot;&gt;
&lt;suite guice-stage=&quot;DEVELOPMENT&quot; name=&quot;Suite&quot;&gt;
  &lt;listeners&gt;
    &lt;listener class-name=&quot;org.j2.faxqa.efax.common.TestExecutionListener&quot;/&gt;
    &lt;listener class-name=&quot;org.j2.faxqa.efax.common.TestNGReportListener&quot;/&gt;
  &lt;/listeners&gt;
  &lt;test thread-count=&quot;5&quot; name=&quot;Test&quot;&gt;
    &lt;parameter name=&quot;testrailprojectid&quot; value=&quot;P8&quot;/&gt;
    &lt;parameter name=&quot;testrailsuiteid&quot; value=&quot;S84&quot;/&gt;
    &lt;classes&gt;
      &lt;class name=&quot;org.j2.faxqa.efax.efax_us.funnel.tests.SignUpTests&quot;/&gt;
      &lt;class name=&quot;org.j2.faxqa.efax.efax_us.myaccount.tests.SendfaxTests&quot;/&gt;
      &lt;class name=&quot;org.j2.faxqa.efax.corporate.admin.tests.AdminTests&quot;/&gt;
      &lt;class name=&quot;org.j2.faxqa.efax.corporate.myaccount.tests.MyAccountTests&quot;/&gt;
    &lt;/classes&gt;
  &lt;/test&gt; &lt;!-- Test --&gt;
&lt;/suite&gt; &lt;!-- Suite --&gt;
            </pre>
          </div> <!-- main-panel-content rounded-window-bottom -->
        </div> <!-- panel -->
        <div panel-name="testlist-Suite" class="panel">
          <div class="main-panel-header rounded-window-top">
            <span class="header-content">Tests for Suite</span>
          </div> <!-- main-panel-header rounded-window-top -->
          <div class="main-panel-content rounded-window-bottom">
            <ul>
              <li>
                <span class="test-name">Test (4 classes)</span>
              </li>
            </ul>
          </div> <!-- main-panel-content rounded-window-bottom -->
        </div> <!-- panel -->
        <div panel-name="group-Suite" class="panel">
          <div class="main-panel-header rounded-window-top">
            <span class="header-content">Groups for Suite</span>
          </div> <!-- main-panel-header rounded-window-top -->
          <div class="main-panel-content rounded-window-bottom">
            <div class="test-group">
              <span class="test-group-name">regression</span>
              <br/>
              <div class="method-in-group">
                <span class="method-in-group-name">testcase1</span>
                <br/>
              </div> <!-- method-in-group -->
            </div> <!-- test-group -->
            <div class="test-group">
              <span class="test-group-name">smoke</span>
              <br/>
              <div class="method-in-group">
                <span class="method-in-group-name">testcase1</span>
                <br/>
              </div> <!-- method-in-group -->
            </div> <!-- test-group -->
          </div> <!-- main-panel-content rounded-window-bottom -->
        </div> <!-- panel -->
        <div panel-name="times-Suite" class="panel">
          <div class="main-panel-header rounded-window-top">
            <span class="header-content">Times for Suite</span>
          </div> <!-- main-panel-header rounded-window-top -->
          <div class="main-panel-content rounded-window-bottom">
            <div class="times-div">
              <script type="text/javascript">
suiteTableInitFunctions.push('tableData_Suite');
function tableData_Suite() {
var data = new google.visualization.DataTable();
data.addColumn('number', 'Number');
data.addColumn('string', 'Method');
data.addColumn('string', 'Class');
data.addColumn('number', 'Time (ms)');
data.addRows(10);
data.setCell(0, 0, 0)
data.setCell(0, 1, 'verifySendOutboundReceiveInboundFaxFunctionality')
data.setCell(0, 2, 'org.j2.faxqa.efax.corporate.myaccount.tests.MyAccountTests')
data.setCell(0, 3, 175692);
data.setCell(1, 0, 1)
data.setCell(1, 1, 'ableToReceiveAndViewFaxWhenStorageEnabledONFromMGMT')
data.setCell(1, 2, 'org.j2.faxqa.efax.corporate.myaccount.tests.MyAccountTests')
data.setCell(1, 3, 165859);
data.setCell(2, 0, 2)
data.setCell(2, 1, 'shouldBeAbleToCreateNewMyAccountUser')
data.setCell(2, 2, 'org.j2.faxqa.efax.corporate.myaccount.tests.MyAccountTests')
data.setCell(2, 3, 104840);
data.setCell(3, 0, 3)
data.setCell(3, 1, 'testAssignFunctionality')
data.setCell(3, 2, 'org.j2.faxqa.efax.corporate.admin.tests.AdminTests')
data.setCell(3, 3, 58917);
data.setCell(4, 0, 4)
data.setCell(4, 1, 'adminUserShouldBeCreatedSuccessfully')
data.setCell(4, 2, 'org.j2.faxqa.efax.corporate.admin.tests.AdminTests')
data.setCell(4, 3, 50519);
data.setCell(5, 0, 5)
data.setCell(5, 1, 'addFaxNumberUsingSearchByState')
data.setCell(5, 2, 'org.j2.faxqa.efax.corporate.admin.tests.AdminTests')
data.setCell(5, 3, 37863);
data.setCell(6, 0, 6)
data.setCell(6, 1, 'newUserShouldBeCreatedAndSettingShouldBeInheritedFromTheGroup')
data.setCell(6, 2, 'org.j2.faxqa.efax.corporate.admin.tests.AdminTests')
data.setCell(6, 3, 37197);
data.setCell(7, 0, 7)
data.setCell(7, 1, 'testAddGroupUsingGroupAdmin')
data.setCell(7, 2, 'org.j2.faxqa.efax.corporate.admin.tests.AdminTests')
data.setCell(7, 3, 26442);
data.setCell(8, 0, 8)
data.setCell(8, 1, 'testcase1')
data.setCell(8, 2, 'org.j2.faxqa.efax.efax_us.funnel.tests.SignUpTests')
data.setCell(8, 3, 12703);
data.setCell(9, 0, 9)
data.setCell(9, 1, 'testcase1')
data.setCell(9, 2, 'org.j2.faxqa.efax.efax_us.myaccount.tests.SendfaxTests')
data.setCell(9, 3, 9430);
window.suiteTableData['Suite']= { tableData: data, tableDiv: 'times-div-Suite'}
return data;
}
              </script>
              <span class="suite-total-time">Total running time: 11 minutes</span>
              <div id="times-div-Suite">
              </div> <!-- times-div-Suite -->
            </div> <!-- times-div -->
          </div> <!-- main-panel-content rounded-window-bottom -->
        </div> <!-- panel -->
        <div panel-name="reporter-Suite" class="panel">
          <div class="main-panel-header rounded-window-top">
            <span class="header-content">Reporter output for Suite</span>
          </div> <!-- main-panel-header rounded-window-top -->
          <div class="main-panel-content rounded-window-bottom">
            <div class="reporter-method-div">
              <span class="reporter-method-name">shouldBeAbleToCreateNewMyAccountUser(org.testng.TestRunner@53976f5c)</span>
              <div class="reporter-method-output-div">
                <span class="reporter-method-output">14:27:26.262 [main] INFO : WebBrowser = chrome</span>
                <span class="reporter-method-output">14:27:26.269 [main] INFO : Using chromedriver 80.0.3987.16 (since Google Chrome 80 is installed in your machine)</span>
                <span class="reporter-method-output">14:27:26.273 [main] INFO : Exporting webdriver.chrome.driver as C:\Users\Jagadeesh\.m2\repository\webdriver\chromedriver\win32\80.0.3987.16\chromedriver.exe</span>
                <span class="reporter-method-output">14:27:31.396 [main] INFO : Created ThreadLocal webdriver.</span>
                <span class="reporter-method-output">14:27:35.417 [main] INFO : Setting  implicitlyWait to '10' seconds</span>
                <span class="reporter-method-output">14:27:35.424 [main] INFO : Setting document.body.style.zoom='80%';</span>
                <span class="reporter-method-output">14:27:40.375 [main] INFO : Initializing page - Login</span>
                <span class="reporter-method-output">14:27:53.625 [main] INFO : Initializing page - eFax Corporate: Create New User</span>
                <span class="reporter-method-output">14:27:53.629 [main] INFO : Initializing page - eFax Corporate: Create New User</span>
                <span class="reporter-method-output">14:28:04.768 [main] INFO : Initializing page - eFax Corporate: Create New User</span>
                <span class="reporter-method-output">14:28:04.772 [main] INFO : Initializing page - eFax Corporate: Create New User</span>
                <span class="reporter-method-output">14:28:11.125 [main] INFO : Initializing page - eFax Corporate: Edit User</span>
                <span class="reporter-method-output">14:28:34.612 [main] INFO : Initializing page - eFax Corporate: Log into My Account | Internet Fax Services Login</span>
                <span class="reporter-method-output">14:29:01.294 [main] INFO : Initializing page - My Account - Account Details</span>
                <span class="reporter-method-output">14:29:01.297 [main] INFO : Initializing page - My Account - Account Details</span>
              </div> <!-- reporter-method-output-div -->
            </div> <!-- reporter-method-div -->
            <div class="reporter-method-div">
              <span class="reporter-method-name">adminUserShouldBeCreatedSuccessfully</span>
              <div class="reporter-method-output-div">
                <span class="reporter-method-output">14:20:56.053 [main] INFO : WebBrowser = chrome</span>
                <span class="reporter-method-output">14:20:56.059 [main] INFO : Using chromedriver 80.0.3987.16 (since Google Chrome 80 is installed in your machine)</span>
                <span class="reporter-method-output">14:20:56.062 [main] INFO : Exporting webdriver.chrome.driver as C:\Users\Jagadeesh\.m2\repository\webdriver\chromedriver\win32\80.0.3987.16\chromedriver.exe</span>
                <span class="reporter-method-output">14:21:01.106 [main] INFO : Created ThreadLocal webdriver.</span>
                <span class="reporter-method-output">14:21:05.141 [main] INFO : Setting  implicitlyWait to '10' seconds</span>
                <span class="reporter-method-output">14:21:05.148 [main] INFO : Setting document.body.style.zoom='80%';</span>
                <span class="reporter-method-output">14:21:09.958 [main] INFO : Initializing page - Login</span>
                <span class="reporter-method-output">14:21:16.895 [main] INFO : Initializing page - Dashboard</span>
                <span class="reporter-method-output">14:21:16.923 [main] INFO : Initializing page - Dashboard</span>
                <span class="reporter-method-output">14:21:22.812 [main] INFO : Initializing page - Users | eFax</span>
                <span class="reporter-method-output">14:21:22.819 [main] INFO : Initializing page - Users | eFax</span>
                <span class="reporter-method-output">14:21:25.891 [main] INFO : Initializing page - eFax Corporate: Create New User</span>
                <span class="reporter-method-output">14:21:25.896 [main] INFO : Initializing page - eFax Corporate: Create New User</span>
                <span class="reporter-method-output">14:21:32.053 [main] INFO : Initializing page - eFax Corporate: Edit Group Admin</span>
                <span class="reporter-method-output">14:21:32.059 [main] INFO : Initializing page - eFax Corporate: Edit Group Admin</span>
                <span class="reporter-method-output">14:21:34.347 [main] INFO : Initializing page - Login</span>
                <span class="reporter-method-output">14:21:44.133 [main] INFO : Initializing page - eFax Corporate</span>
                <span class="reporter-method-output">14:21:44.139 [main] INFO : Initializing page - eFax Corporate</span>
              </div> <!-- reporter-method-output-div -->
            </div> <!-- reporter-method-div -->
            <div class="reporter-method-div">
              <span class="reporter-method-name">verifySendOutboundReceiveInboundFaxFunctionality(org.testng.TestRunner@53976f5c)</span>
              <div class="reporter-method-output-div">
                <span class="reporter-method-output">14:24:29.984 [main] INFO : WebBrowser = chrome</span>
                <span class="reporter-method-output">14:24:29.991 [main] INFO : Using chromedriver 80.0.3987.16 (since Google Chrome 80 is installed in your machine)</span>
                <span class="reporter-method-output">14:24:29.993 [main] INFO : Exporting webdriver.chrome.driver as C:\Users\Jagadeesh\.m2\repository\webdriver\chromedriver\win32\80.0.3987.16\chromedriver.exe</span>
                <span class="reporter-method-output">14:24:35.320 [main] INFO : Created ThreadLocal webdriver.</span>
                <span class="reporter-method-output">14:24:39.349 [main] INFO : Setting  implicitlyWait to '10' seconds</span>
                <span class="reporter-method-output">14:24:39.369 [main] INFO : Setting document.body.style.zoom='80%';</span>
                <span class="reporter-method-output">14:24:43.795 [main] INFO : Initializing page - Login</span>
                <span class="reporter-method-output">14:24:52.358 [main] INFO : Initializing page - eFax Corporate: Create New User</span>
                <span class="reporter-method-output">14:24:52.364 [main] INFO : Initializing page - eFax Corporate: Create New User</span>
                <span class="reporter-method-output">14:24:59.057 [main] INFO : Initializing page - eFax Corporate: Create New User</span>
                <span class="reporter-method-output">14:24:59.061 [main] INFO : Initializing page - eFax Corporate: Create New User</span>
                <span class="reporter-method-output">14:25:05.949 [main] INFO : Initializing page - eFax Corporate: Edit User</span>
                <span class="reporter-method-output">14:25:26.668 [main] INFO : Initializing page - eFax Corporate: Log into My Account | Internet Fax Services Login</span>
                <span class="reporter-method-output">14:26:43.033 [main] INFO : Initializing page - My Account - Account Details</span>
                <span class="reporter-method-output">14:26:43.038 [main] INFO : Initializing page - My Account - Account Details</span>
                <span class="reporter-method-output">14:26:53.271 [main] INFO : Initializing page - eFax Corporate: Log into My Account | Internet Fax Services Login</span>
                <span class="reporter-method-output">14:27:18.870 [main] INFO : Initializing page - My Account</span>
                <span class="reporter-method-output">14:27:19.276 [main] INFO : Initializing page - My Account</span>
                <span class="reporter-method-output">14:27:19.562 [main] INFO : Recipient FirstName field set to QATomas</span>
                <span class="reporter-method-output">14:27:19.633 [main] INFO : Recipient LastName field set to Wisozk</span>
                <span class="reporter-method-output">14:27:19.779 [main] INFO : Receipent Company field set to McGlynn, Douglas and Stiedemann</span>
                <span class="reporter-method-output">14:27:19.899 [main] INFO : Fax Number field set to 15622868311</span>
                <span class="reporter-method-output">14:27:19.967 [main] INFO : Add contact button enabled.</span>
                <span class="reporter-method-output">14:27:20.103 [main] INFO : reference Id field set to REFxcvza917r</span>
                <span class="reporter-method-output">14:27:20.658 [main] INFO : Fax Quality field set to Standard</span>
                <span class="reporter-method-output">14:27:20.717 [main] INFO : Send Receipt field set to deafult first email.</span>
                <span class="reporter-method-output">14:27:20.734 [main] INFO : Coverage option enabled.</span>
                <span class="reporter-method-output">14:27:20.852 [main] INFO : Subject field set to Test Send Fax - 5886tdji</span>
                <span class="reporter-method-output">14:27:20.940 [main] INFO : Message body field set to Message Body - 5710gfgs</span>
                <span class="reporter-method-output">14:27:21.015 [main] INFO : Uploaded attachment - C:\Users\Jagadeesh\eclipse-workspace\end-to-end-web\src\test\resources\sendrast\ANSII - Text - English.txt</span>
                <span class="reporter-method-output">14:27:21.064 [main] INFO : Uploaded attachment - C:\Users\Jagadeesh\eclipse-workspace\end-to-end-web\src\test\resources\sendrast\MBCS - Text - Chinese - Big5.txt</span>
                <span class="reporter-method-output">14:27:21.111 [main] INFO : Uploaded attachment - C:\Users\Jagadeesh\eclipse-workspace\end-to-end-web\src\test\resources\sendrast\MBCS - Text - Chinese - GB2312.txt</span>
                <span class="reporter-method-output">14:27:21.160 [main] INFO : Uploaded attachment - C:\Users\Jagadeesh\eclipse-workspace\end-to-end-web\src\test\resources\sendrast\MBCS - Text - Japanese - Shift-Jis.txt</span>
                <span class="reporter-method-output">14:27:21.203 [main] INFO : Uploaded attachment - C:\Users\Jagadeesh\eclipse-workspace\end-to-end-web\src\test\resources\sendrast\Unicode - Text - Japanese - UTF16.txt</span>
                <span class="reporter-method-output">14:27:21.252 [main] INFO : Uploaded attachment - C:\Users\Jagadeesh\eclipse-workspace\end-to-end-web\src\test\resources\sendrast\Unicode - Text - SimplifiedChinese - UTF8.txt</span>
                <span class="reporter-method-output">14:27:21.298 [main] INFO : Uploaded attachment - C:\Users\Jagadeesh\eclipse-workspace\end-to-end-web\src\test\resources\sendrast\Unicode - Text - TraditionalChinese - UTF16.txt</span>
                <span class="reporter-method-output">14:27:21.355 [main] INFO : Sending fax...</span>
              </div> <!-- reporter-method-output-div -->
            </div> <!-- reporter-method-div -->
            <div class="reporter-method-div">
              <span class="reporter-method-name">addFaxNumberUsingSearchByState</span>
              <div class="reporter-method-output-div">
                <span class="reporter-method-output">14:21:47.169 [main] INFO : WebBrowser = chrome</span>
                <span class="reporter-method-output">14:21:47.177 [main] INFO : Using chromedriver 80.0.3987.16 (since Google Chrome 80 is installed in your machine)</span>
                <span class="reporter-method-output">14:21:47.180 [main] INFO : Exporting webdriver.chrome.driver as C:\Users\Jagadeesh\.m2\repository\webdriver\chromedriver\win32\80.0.3987.16\chromedriver.exe</span>
                <span class="reporter-method-output">14:21:52.215 [main] INFO : Created ThreadLocal webdriver.</span>
                <span class="reporter-method-output">14:21:56.243 [main] INFO : Setting  implicitlyWait to '10' seconds</span>
                <span class="reporter-method-output">14:21:56.254 [main] INFO : Setting document.body.style.zoom='80%';</span>
                <span class="reporter-method-output">14:22:00.805 [main] INFO : Initializing page - Login</span>
                <span class="reporter-method-output">14:22:06.528 [main] INFO : Initializing page - Dashboard</span>
                <span class="reporter-method-output">14:22:06.536 [main] INFO : Initializing page - Dashboard</span>
                <span class="reporter-method-output">14:22:09.731 [main] INFO : Initializing page - Numbers | eFax</span>
                <span class="reporter-method-output">14:22:10.211 [main] INFO : Initializing page - Numbers | eFax</span>
              </div> <!-- reporter-method-output-div -->
            </div> <!-- reporter-method-div -->
            <div class="reporter-method-div">
              <span class="reporter-method-name">testAddGroupUsingGroupAdmin</span>
              <div class="reporter-method-output-div">
                <span class="reporter-method-output">14:23:03.413 [main] INFO : WebBrowser = chrome</span>
                <span class="reporter-method-output">14:23:03.419 [main] INFO : Using chromedriver 80.0.3987.16 (since Google Chrome 80 is installed in your machine)</span>
                <span class="reporter-method-output">14:23:03.421 [main] INFO : Exporting webdriver.chrome.driver as C:\Users\Jagadeesh\.m2\repository\webdriver\chromedriver\win32\80.0.3987.16\chromedriver.exe</span>
                <span class="reporter-method-output">14:23:08.486 [main] INFO : Created ThreadLocal webdriver.</span>
                <span class="reporter-method-output">14:23:12.518 [main] INFO : Setting  implicitlyWait to '10' seconds</span>
                <span class="reporter-method-output">14:23:12.526 [main] INFO : Setting document.body.style.zoom='80%';</span>
                <span class="reporter-method-output">14:23:16.909 [main] INFO : Initializing page - Login</span>
                <span class="reporter-method-output">14:23:23.224 [main] INFO : Initializing page - Dashboard</span>
                <span class="reporter-method-output">14:23:23.227 [main] INFO : Initializing page - Dashboard</span>
                <span class="reporter-method-output">14:23:25.514 [main] INFO : Initializing page - Groups | eFax</span>
              </div> <!-- reporter-method-output-div -->
            </div> <!-- reporter-method-div -->
            <div class="reporter-method-div">
              <span class="reporter-method-name">newUserShouldBeCreatedAndSettingShouldBeInheritedFromTheGroup</span>
              <div class="reporter-method-output-div">
                <span class="reporter-method-output">14:22:25.639 [main] INFO : WebBrowser = chrome</span>
                <span class="reporter-method-output">14:22:25.659 [main] INFO : Using chromedriver 80.0.3987.16 (since Google Chrome 80 is installed in your machine)</span>
                <span class="reporter-method-output">14:22:25.662 [main] INFO : Exporting webdriver.chrome.driver as C:\Users\Jagadeesh\.m2\repository\webdriver\chromedriver\win32\80.0.3987.16\chromedriver.exe</span>
                <span class="reporter-method-output">14:22:30.702 [main] INFO : Created ThreadLocal webdriver.</span>
                <span class="reporter-method-output">14:22:34.724 [main] INFO : Setting  implicitlyWait to '10' seconds</span>
                <span class="reporter-method-output">14:22:34.731 [main] INFO : Setting document.body.style.zoom='80%';</span>
                <span class="reporter-method-output">14:22:39.282 [main] INFO : Initializing page - Login</span>
                <span class="reporter-method-output">14:22:45.651 [main] INFO : Initializing page - Dashboard</span>
                <span class="reporter-method-output">14:22:45.656 [main] INFO : Initializing page - Dashboard</span>
                <span class="reporter-method-output">14:22:50.748 [main] INFO : Initializing page - Groups | eFax</span>
                <span class="reporter-method-output">14:22:50.752 [main] INFO : Initializing page - Groups | eFax</span>
                <span class="reporter-method-output">14:22:53.285 [main] INFO : Initializing page - Groups Settings | eFax</span>
                <span class="reporter-method-output">14:22:53.376 [main] INFO : Initializing page - Groups Settings | eFax</span>
                <span class="reporter-method-output">14:22:53.380 [main] INFO : Initializing page - Groups Settings | eFax</span>
                <span class="reporter-method-output">14:22:53.385 [main] INFO : Initializing page - Groups Settings | eFax</span>
              </div> <!-- reporter-method-output-div -->
            </div> <!-- reporter-method-div -->
            <div class="reporter-method-div">
              <span class="reporter-method-name">testAssignFunctionality</span>
              <div class="reporter-method-output-div">
                <span class="reporter-method-output">14:23:30.458 [main] INFO : WebBrowser = chrome</span>
                <span class="reporter-method-output">14:23:30.463 [main] INFO : Using chromedriver 80.0.3987.16 (since Google Chrome 80 is installed in your machine)</span>
                <span class="reporter-method-output">14:23:30.466 [main] INFO : Exporting webdriver.chrome.driver as C:\Users\Jagadeesh\.m2\repository\webdriver\chromedriver\win32\80.0.3987.16\chromedriver.exe</span>
                <span class="reporter-method-output">14:23:35.544 [main] INFO : Created ThreadLocal webdriver.</span>
                <span class="reporter-method-output">14:23:39.576 [main] INFO : Setting  implicitlyWait to '10' seconds</span>
                <span class="reporter-method-output">14:23:39.593 [main] INFO : Setting document.body.style.zoom='80%';</span>
                <span class="reporter-method-output">14:23:39.599 [main] INFO : Initializing page - </span>
                <span class="reporter-method-output">14:23:39.603 [main] INFO : Initializing page - </span>
                <span class="reporter-method-output">14:23:39.607 [main] INFO : Initializing page - </span>
                <span class="reporter-method-output">14:23:39.610 [main] INFO : Initializing page - </span>
                <span class="reporter-method-output">14:23:39.613 [main] INFO : Initializing page - </span>
                <span class="reporter-method-output">14:23:39.616 [main] INFO : Initializing page - </span>
                <span class="reporter-method-output">14:23:39.619 [main] INFO : Initializing page - </span>
                <span class="reporter-method-output">14:23:39.621 [main] INFO : Initializing page - </span>
              </div> <!-- reporter-method-output-div -->
            </div> <!-- reporter-method-div -->
            <div class="reporter-method-div">
              <span class="reporter-method-name">ableToReceiveAndViewFaxWhenStorageEnabledONFromMGMT(org.testng.TestRunner@53976f5c)</span>
              <div class="reporter-method-output-div">
                <span class="reporter-method-output">14:29:11.697 [main] INFO : WebBrowser = chrome</span>
                <span class="reporter-method-output">14:29:11.704 [main] INFO : Using chromedriver 80.0.3987.16 (since Google Chrome 80 is installed in your machine)</span>
                <span class="reporter-method-output">14:29:11.706 [main] INFO : Exporting webdriver.chrome.driver as C:\Users\Jagadeesh\.m2\repository\webdriver\chromedriver\win32\80.0.3987.16\chromedriver.exe</span>
                <span class="reporter-method-output">14:29:16.766 [main] INFO : Created ThreadLocal webdriver.</span>
                <span class="reporter-method-output">14:29:20.797 [main] INFO : Setting  implicitlyWait to '10' seconds</span>
                <span class="reporter-method-output">14:29:20.813 [main] INFO : Setting document.body.style.zoom='80%';</span>
                <span class="reporter-method-output">14:29:25.233 [main] INFO : Initializing page - Login</span>
                <span class="reporter-method-output">14:29:34.914 [main] INFO : Initializing page - eFax Corporate: Create New User</span>
                <span class="reporter-method-output">14:29:34.918 [main] INFO : Initializing page - eFax Corporate: Create New User</span>
                <span class="reporter-method-output">14:29:40.002 [main] INFO : Initializing page - eFax Corporate: Create New User</span>
                <span class="reporter-method-output">14:29:40.005 [main] INFO : Initializing page - eFax Corporate: Create New User</span>
                <span class="reporter-method-output">14:29:46.196 [main] INFO : Initializing page - eFax Corporate: Edit User</span>
                <span class="reporter-method-output">14:30:09.881 [main] INFO : Initializing page - eFax Corporate: Log into My Account | Internet Fax Services Login</span>
                <span class="reporter-method-output">14:30:39.244 [main] INFO : Initializing page - My Account - Account Details</span>
                <span class="reporter-method-output">14:30:39.247 [main] INFO : Initializing page - My Account - Account Details</span>
                <span class="reporter-method-output">14:30:47.414 [main] INFO : Initializing page - eFax Corporate: Log into My Account | Internet Fax Services Login</span>
                <span class="reporter-method-output">14:31:04.221 [main] INFO : Initializing page - My Account</span>
                <span class="reporter-method-output">14:31:05.158 [main] INFO : Initializing page - My Account</span>
                <span class="reporter-method-output">14:31:05.266 [main] INFO : Recipient FirstName field set to QARosanne</span>
                <span class="reporter-method-output">14:31:05.336 [main] INFO : Recipient LastName field set to Friesen</span>
                <span class="reporter-method-output">14:31:05.433 [main] INFO : Receipent Company field set to Lynch-Brekke</span>
                <span class="reporter-method-output">14:31:05.572 [main] INFO : Fax Number field set to 15622868219</span>
                <span class="reporter-method-output">14:31:05.639 [main] INFO : Add contact button enabled.</span>
                <span class="reporter-method-output">14:31:05.767 [main] INFO : reference Id field set to REFvnnkc750k</span>
                <span class="reporter-method-output">14:31:06.269 [main] INFO : Fax Quality field set to Standard</span>
                <span class="reporter-method-output">14:31:06.327 [main] INFO : Send Receipt field set to deafult first email.</span>
                <span class="reporter-method-output">14:31:06.343 [main] INFO : Coverage option enabled.</span>
                <span class="reporter-method-output">14:31:06.461 [main] INFO : Subject field set to Test Send Fax - 6147tfre</span>
                <span class="reporter-method-output">14:31:06.541 [main] INFO : Message body field set to Message Body - 6983oxra</span>
                <span class="reporter-method-output">14:31:06.609 [main] INFO : Uploaded attachment - C:\Users\Jagadeesh\eclipse-workspace\end-to-end-web\src\test\resources\sendrast\ANSII - Text - English.txt</span>
                <span class="reporter-method-output">14:31:06.656 [main] INFO : Uploaded attachment - C:\Users\Jagadeesh\eclipse-workspace\end-to-end-web\src\test\resources\sendrast\MBCS - Text - Chinese - Big5.txt</span>
                <span class="reporter-method-output">14:31:06.705 [main] INFO : Uploaded attachment - C:\Users\Jagadeesh\eclipse-workspace\end-to-end-web\src\test\resources\sendrast\MBCS - Text - Chinese - GB2312.txt</span>
                <span class="reporter-method-output">14:31:06.754 [main] INFO : Uploaded attachment - C:\Users\Jagadeesh\eclipse-workspace\end-to-end-web\src\test\resources\sendrast\MBCS - Text - Japanese - Shift-Jis.txt</span>
                <span class="reporter-method-output">14:31:06.802 [main] INFO : Uploaded attachment - C:\Users\Jagadeesh\eclipse-workspace\end-to-end-web\src\test\resources\sendrast\Unicode - Text - Japanese - UTF16.txt</span>
                <span class="reporter-method-output">14:31:06.851 [main] INFO : Uploaded attachment - C:\Users\Jagadeesh\eclipse-workspace\end-to-end-web\src\test\resources\sendrast\Unicode - Text - SimplifiedChinese - UTF8.txt</span>
                <span class="reporter-method-output">14:31:06.913 [main] INFO : Uploaded attachment - C:\Users\Jagadeesh\eclipse-workspace\end-to-end-web\src\test\resources\sendrast\Unicode - Text - TraditionalChinese - UTF16.txt</span>
                <span class="reporter-method-output">14:31:06.984 [main] INFO : Sending fax...</span>
                <span class="reporter-method-output">14:31:08.199 [main] INFO : Initializing page - My Account</span>
                <span class="reporter-method-output">14:31:32.342 [main] INFO : Initializing page - Main MessageCenter Page (View Faxes)</span>
                <span class="reporter-method-output">14:31:32.343 [main] INFO : Expected inbound fax Timeout set to 60 seconds.</span>
                <span class="reporter-method-output">14:31:32.343 [main] INFO : SenderID = 15622868219</span>
                <span class="reporter-method-output">14:31:52.011 [main] INFO : Waiting for the fax...</span>
                <span class="reporter-method-output"><br><img src='C:\Users\Jagadeesh\eclipse-workspace\end-to-end-web\target\surefire-reports\Suite\screenshots\maincaptureScreen.png' style="width: 33%; height: 33%"</span>
              </div> <!-- reporter-method-output-div -->
            </div> <!-- reporter-method-div -->
            <div class="reporter-method-div">
              <span class="reporter-method-name">testcase1(org.testng.TestRunner@53976f5c)</span>
              <div class="reporter-method-output-div">
                <span class="reporter-method-output">14:20:32.736 [main] INFO : WebBrowser = chrome</span>
                <span class="reporter-method-output">14:20:35.697 [main] INFO : Using chromedriver 80.0.3987.16 (since Google Chrome 80 is installed in your machine)</span>
                <span class="reporter-method-output">14:20:35.711 [main] INFO : Exporting webdriver.chrome.driver as C:\Users\Jagadeesh\.m2\repository\webdriver\chromedriver\win32\80.0.3987.16\chromedriver.exe</span>
                <span class="reporter-method-output">14:20:41.045 [main] INFO : Created ThreadLocal webdriver.</span>
                <span class="reporter-method-output">14:20:45.073 [main] INFO : Setting  implicitlyWait to '10' seconds</span>
                <span class="reporter-method-output">14:20:45.081 [main] INFO : Setting document.body.style.zoom='80%';</span>
                <span class="reporter-method-output">14:20:45.083 [main] INFO : Navigating to - null</span>
                <span class="reporter-method-output">14:20:45.084 [main] INFO : java.lang.NullPointerException: null value in entry: url=null</span>
                <span class="reporter-method-output"><br><img src='C:\Users\Jagadeesh\eclipse-workspace\end-to-end-web\target\surefire-reports\Suite\screenshots\maincaptureScreen.png' style="width: 33%; height: 33%"</span>
              </div> <!-- reporter-method-output-div -->
            </div> <!-- reporter-method-div -->
            <div class="reporter-method-div">
              <span class="reporter-method-name">testcase1(org.testng.TestRunner@53976f5c)</span>
              <div class="reporter-method-output-div">
                <span class="reporter-method-output">14:20:46.042 [main] INFO : WebBrowser = chrome</span>
                <span class="reporter-method-output">14:20:46.048 [main] INFO : Using chromedriver 80.0.3987.16 (since Google Chrome 80 is installed in your machine)</span>
                <span class="reporter-method-output">14:20:46.051 [main] INFO : Exporting webdriver.chrome.driver as C:\Users\Jagadeesh\.m2\repository\webdriver\chromedriver\win32\80.0.3987.16\chromedriver.exe</span>
                <span class="reporter-method-output">14:20:51.100 [main] INFO : Created ThreadLocal webdriver.</span>
                <span class="reporter-method-output">14:20:55.120 [main] INFO : Setting  implicitlyWait to '10' seconds</span>
                <span class="reporter-method-output">14:20:55.129 [main] INFO : Setting document.body.style.zoom='80%';</span>
                <span class="reporter-method-output">14:20:55.130 [main] INFO : java.lang.NullPointerException: null value in entry: url=null</span>
                <span class="reporter-method-output"><br><img src='C:\Users\Jagadeesh\eclipse-workspace\end-to-end-web\target\surefire-reports\Suite\screenshots\maincaptureScreen.png' style="width: 33%; height: 33%"</span>
              </div> <!-- reporter-method-output-div -->
            </div> <!-- reporter-method-div -->
          </div> <!-- main-panel-content rounded-window-bottom -->
        </div> <!-- panel -->
        <div panel-name="ignored-methods-Suite" class="panel">
          <div class="main-panel-header rounded-window-top">
            <span class="header-content">0 ignored methods</span>
          </div> <!-- main-panel-header rounded-window-top -->
          <div class="main-panel-content rounded-window-bottom">
          </div> <!-- main-panel-content rounded-window-bottom -->
        </div> <!-- panel -->
        <div panel-name="chronological-Suite" class="panel">
          <div class="main-panel-header rounded-window-top">
            <span class="header-content">Methods in chronological order</span>
          </div> <!-- main-panel-header rounded-window-top -->
          <div class="main-panel-content rounded-window-bottom">
            <div class="chronological-class">
              <div class="chronological-class-name">org.j2.faxqa.efax.efax_us.funnel.tests.SignUpTests</div> <!-- chronological-class-name -->
              <div class="test-method">
                <img src="failed.png">
                </img>
                <span class="method-name">testcase1(org.testng.TestRunner@53976f5c)</span>
                <span class="method-start">0 ms</span>
              </div> <!-- test-method -->
            </div> <!-- chronological-class -->
            <div class="chronological-class">
              <div class="chronological-class-name">org.j2.faxqa.efax.efax_us.myaccount.tests.SendfaxTests</div> <!-- chronological-class-name -->
              <div class="test-method">
                <img src="failed.png">
                </img>
                <span class="method-name">testcase1(org.testng.TestRunner@53976f5c)</span>
                <span class="method-start">13309 ms</span>
              </div> <!-- test-method -->
            </div> <!-- chronological-class -->
            <div class="chronological-class">
              <div class="chronological-class-name">org.j2.faxqa.efax.corporate.admin.tests.AdminTests</div> <!-- chronological-class-name -->
              <div class="test-method">
                <span class="method-name">adminUserShouldBeCreatedSuccessfully</span>
                <span class="method-start">23320 ms</span>
              </div> <!-- test-method -->
              <div class="test-method">
                <span class="method-name">addFaxNumberUsingSearchByState</span>
                <span class="method-start">74436 ms</span>
              </div> <!-- test-method -->
              <div class="test-method">
                <span class="method-name">newUserShouldBeCreatedAndSettingShouldBeInheritedFromTheGroup</span>
                <span class="method-start">112903 ms</span>
              </div> <!-- test-method -->
              <div class="test-method">
                <span class="method-name">testAddGroupUsingGroupAdmin</span>
                <span class="method-start">150680 ms</span>
              </div> <!-- test-method -->
              <div class="test-method">
                <img src="failed.png">
                </img>
                <span class="method-name">testAssignFunctionality</span>
                <span class="method-start">177725 ms</span>
              </div> <!-- test-method -->
            </div> <!-- chronological-class -->
            <div class="chronological-class">
              <div class="chronological-class-name">org.j2.faxqa.efax.corporate.myaccount.tests.MyAccountTests</div> <!-- chronological-class-name -->
              <div class="test-method">
                <span class="method-name">verifySendOutboundReceiveInboundFaxFunctionality(org.testng.TestRunner@53976f5c)</span>
                <span class="method-start">237250 ms</span>
              </div> <!-- test-method -->
              <div class="test-method">
                <span class="method-name">shouldBeAbleToCreateNewMyAccountUser(org.testng.TestRunner@53976f5c)</span>
                <span class="method-start">413530 ms</span>
              </div> <!-- test-method -->
              <div class="test-method">
                <img src="failed.png">
                </img>
                <span class="method-name">ableToReceiveAndViewFaxWhenStorageEnabledONFromMGMT(org.testng.TestRunner@53976f5c)</span>
                <span class="method-start">518963 ms</span>
              </div> <!-- test-method -->
          </div> <!-- main-panel-content rounded-window-bottom -->
        </div> <!-- panel -->
      </div> <!-- main-panel-root -->
    </div> <!-- wrapper -->
  </body>
</html>
